<?xml version="1.0" encoding="UTF-8"?>
<!-- Generated by org.testng.reporters.JUnitReportReporter -->
<testsuite skipped="0" hostname="DL-1XDPQP1" name="qaclickacademy.appiumTest" tests="2" failures="0" timestamp="2020-12-06T01:28:54 PST" time="0.017" errors="0">
  <testcase name="NativeAppAndroid" time="0.003" classname="qaclickacademy.appiumTest"/>
  <system-out/>
  <testcase name="IOSApps" time="0.014" classname="qaclickacademy.appiumTest"/>
  <system-out/>
</testsuite> <!-- qaclickacademy.appiumTest -->
