<?xml version="1.0" encoding="UTF-8"?>
<!-- Generated by org.testng.reporters.JUnitReportReporter -->
<testsuite skipped="0" hostname="DL-1XDPQP1" name="qaclickacademy.restAPITest" tests="2" failures="0" timestamp="2020-12-06T01:28:54 PST" time="0.003" errors="0">
  <testcase name="posJira" time="0.001" classname="qaclickacademy.restAPITest"/>
  <system-out/>
  <testcase name="deleteTwitter" time="0.002" classname="qaclickacademy.restAPITest"/>
  <system-out/>
</testsuite> <!-- qaclickacademy.restAPITest -->
