<?xml version="1.0" encoding="UTF-8"?>
<!-- Generated by org.testng.reporters.JUnitReportReporter -->
<testsuite skipped="0" hostname="DL-1XDPQP1" name="qaclickacademy.restAPITests" tests="2" failures="0" timestamp="05 Dec 2020 12:47:43 GMT" time="0.001" errors="0">
  <testcase name="posJira" time="0.000" classname="qaclickacademy.restAPITests"/>
  <testcase name="deleteTwitter" time="0.001" classname="qaclickacademy.restAPITests"/>
</testsuite> <!-- qaclickacademy.restAPITests -->
