<?xml version="1.0" encoding="UTF-8"?>
<!-- Generated by org.testng.reporters.JUnitReportReporter -->
<testsuite skipped="0" hostname="DL-1XDPQP1" name="qaclickacademy.appiumTest" tests="2" failures="0" timestamp="07 Dec 2020 16:32:00 GMT" time="0.002" errors="0">
  <testcase name="NativeAppAndroid" time="0.001" classname="qaclickacademy.appiumTest"/>
  <testcase name="IOSApps" time="0.001" classname="qaclickacademy.appiumTest"/>
</testsuite> <!-- qaclickacademy.appiumTest -->
