<?xml version="1.0" encoding="UTF-8"?>
<!-- Generated by org.testng.reporters.JUnitReportReporter -->
<testsuite skipped="0" hostname="DL-1XDPQP1" name="qaclickacademy.restAPITest" tests="2" failures="0" timestamp="07 Dec 2020 16:32:00 GMT" time="0.011" errors="0">
  <testcase name="posJira" time="0.001" classname="qaclickacademy.restAPITest"/>
  <testcase name="deleteTwitter" time="0.010" classname="qaclickacademy.restAPITest"/>
</testsuite> <!-- qaclickacademy.restAPITest -->
